# JRE version: Java(TM) SE Runtime Environment (8.0_301-b09) (build 1.8.0_301-b09)
# Java VM: Java HotSpot(TM) 64-Bit Server VM (25.301-b09 mixed mode windows-amd64 compressed oops)
Heap:
 PSYoungGen      total 151040K, used 124065K [0x0000000717780000, 0x0000000729e80000, 0x00000007c0000000)
  eden space 129536K, 79% used [0x0000000717780000,0x000000071dba8860,0x000000071f600000)
  from space 21504K, 99% used [0x0000000720b00000,0x0000000721fffd68,0x0000000722000000)
  to   space 21504K, 0% used [0x000000071f600000,0x000000071f600000,0x0000000720b00000)
 ParOldGen       total 345600K, used 160834K [0x00000005c6600000, 0x00000005db780000, 0x0000000717780000)
  object space 345600K, 46% used [0x00000005c6600000,0x00000005d0310970,0x00000005db780000)
 Metaspace       used 17282K, capacity 17506K, committed 17792K, reserved 1064960K
  class space    used 1783K, capacity 1867K, committed 1920K, reserved 1048576K
GC Heap History (4 events):
Event: 1.603 GC heap before
{Heap before GC invocations=1 (full 0):
 PSYoungGen      total 151040K, used 129536K [0x0000000717780000, 0x0000000722000000, 0x00000007c0000000)
  eden space 129536K, 100% used [0x0000000717780000,0x000000071f600000,0x000000071f600000)
  from space 21504K, 0% used [0x0000000720b00000,0x0000000720b00000,0x0000000722000000)
  to   space 21504K, 0% used [0x000000071f600000,0x000000071f600000,0x0000000720b00000)
 ParOldGen       total 345600K, used 0K [0x00000005c6600000, 0x00000005db780000, 0x0000000717780000)
  object space 345600K, 0% used [0x00000005c6600000,0x00000005c6600000,0x00000005db780000)
 Metaspace       used 17049K, capacity 17314K, committed 17536K, reserved 1064960K
  class space    used 1764K, capacity 1867K, committed 1920K, reserved 1048576K
Event: 1.618 GC heap after
Heap after GC invocations=1 (full 0):
 PSYoungGen      total 151040K, used 21484K [0x0000000717780000, 0x0000000722000000, 0x00000007c0000000)
  eden space 129536K, 0% used [0x0000000717780000,0x0000000717780000,0x000000071f600000)
  from space 21504K, 99% used [0x000000071f600000,0x0000000720afb020,0x0000000720b00000)
  to   space 21504K, 0% used [0x0000000720b00000,0x0000000720b00000,0x0000000722000000)
 ParOldGen       total 345600K, used 35810K [0x00000005c6600000, 0x00000005db780000, 0x0000000717780000)
  object space 345600K, 10% used [0x00000005c6600000,0x00000005c88f8910,0x00000005db780000)
 Metaspace       used 17049K, capacity 17314K, committed 17536K, reserved 1064960K
  class space    used 1764K, capacity 1867K, committed 1920K, reserved 1048576K
}
Event: 2.105 GC heap before
{Heap before GC invocations=2 (full 0):
 PSYoungGen      total 151040K, used 151020K [0x0000000717780000, 0x0000000722000000, 0x00000007c0000000)
  eden space 129536K, 100% used [0x0000000717780000,0x000000071f600000,0x000000071f600000)
  from space 21504K, 99% used [0x000000071f600000,0x0000000720afb020,0x0000000720b00000)
  to   space 21504K, 0% used [0x0000000720b00000,0x0000000720b00000,0x0000000722000000)
 ParOldGen       total 345600K, used 35810K [0x00000005c6600000, 0x00000005db780000, 0x0000000717780000)
  object space 345600K, 10% used [0x00000005c6600000,0x00000005c88f8910,0x00000005db780000)
 Metaspace       used 17076K, capacity 17314K, committed 17536K, reserved 1064960K
  class space    used 1764K, capacity 1867K, committed 1920K, reserved 1048576K
Event: 2.135 GC heap after
Heap after GC invocations=2 (full 0):
 PSYoungGen      total 151040K, used 21503K [0x0000000717780000, 0x0000000729e80000, 0x00000007c0000000)
  eden space 129536K, 0% used [0x0000000717780000,0x0000000717780000,0x000000071f600000)
  from space 21504K, 99% used [0x0000000720b00000,0x0000000721fffd68,0x0000000722000000)
  to   space 21504K, 0% used [0x000000071f600000,0x000000071f600000,0x0000000720b00000)
 ParOldGen       total 345600K, used 160834K [0x00000005c6600000, 0x00000005db780000, 0x0000000717780000)
  object space 345600K, 46% used [0x00000005c6600000,0x00000005d0310970,0x00000005db780000)
 Metaspace       used 17076K, capacity 17314K, committed 17536K, reserved 1064960K
  class space    used 1764K, capacity 1867K, committed 1920K, reserved 1048576K
}

