# JRE version: Java(TM) SE Runtime Environment (8.0_301-b09) (build 1.8.0_301-b09)
# Java VM: Java HotSpot(TM) 64-Bit Server VM (25.301-b09 mixed mode windows-amd64 compressed oops)
Heap:
 PSYoungGen      total 280576K, used 109646K [0x0000000717780000, 0x0000000729e80000, 0x00000007c0000000)
  eden space 259072K, 36% used [0x0000000717780000,0x000000071d4609e0,0x0000000727480000)
  from space 21504K, 67% used [0x0000000728980000,0x00000007297b3020,0x0000000729e80000)
  to   space 21504K, 0% used [0x0000000727480000,0x0000000727480000,0x0000000728980000)
 ParOldGen       total 345600K, used 45215K [0x00000005c6600000, 0x00000005db780000, 0x0000000717780000)
  object space 345600K, 13% used [0x00000005c6600000,0x00000005c9227ca0,0x00000005db780000)
 Metaspace       used 17128K, capacity 17308K, committed 17536K, reserved 1064960K
  class space    used 1787K, capacity 1853K, committed 1920K, reserved 1048576K
GC Heap History (4 events):
Event: 2.430 GC heap before
{Heap before GC invocations=1 (full 0):
 PSYoungGen      total 151040K, used 129536K [0x0000000717780000, 0x0000000722000000, 0x00000007c0000000)
  eden space 129536K, 100% used [0x0000000717780000,0x000000071f600000,0x000000071f600000)
  from space 21504K, 0% used [0x0000000720b00000,0x0000000720b00000,0x0000000722000000)
  to   space 21504K, 0% used [0x000000071f600000,0x000000071f600000,0x0000000720b00000)
 ParOldGen       total 345600K, used 0K [0x00000005c6600000, 0x00000005db780000, 0x0000000717780000)
  object space 345600K, 0% used [0x00000005c6600000,0x00000005c6600000,0x00000005db780000)
 Metaspace       used 16903K, capacity 17116K, committed 17536K, reserved 1064960K
  class space    used 1769K, capacity 1853K, committed 1920K, reserved 1048576K
Event: 2.468 GC heap after
Heap after GC invocations=1 (full 0):
 PSYoungGen      total 151040K, used 21484K [0x0000000717780000, 0x0000000729e80000, 0x00000007c0000000)
  eden space 129536K, 0% used [0x0000000717780000,0x0000000717780000,0x000000071f600000)
  from space 21504K, 99% used [0x000000071f600000,0x0000000720afb020,0x0000000720b00000)
  to   space 21504K, 0% used [0x0000000728980000,0x0000000728980000,0x0000000729e80000)
 ParOldGen       total 345600K, used 45207K [0x00000005c6600000, 0x00000005db780000, 0x0000000717780000)
  object space 345600K, 13% used [0x00000005c6600000,0x00000005c9225ca0,0x00000005db780000)
 Metaspace       used 16903K, capacity 17116K, committed 17536K, reserved 1064960K
  class space    used 1769K, capacity 1853K, committed 1920K, reserved 1048576K
}
Event: 3.750 GC heap before
{Heap before GC invocations=2 (full 0):
 PSYoungGen      total 151040K, used 151020K [0x0000000717780000, 0x0000000729e80000, 0x00000007c0000000)
  eden space 129536K, 100% used [0x0000000717780000,0x000000071f600000,0x000000071f600000)
  from space 21504K, 99% used [0x000000071f600000,0x0000000720afb020,0x0000000720b00000)
  to   space 21504K, 0% used [0x0000000728980000,0x0000000728980000,0x0000000729e80000)
 ParOldGen       total 345600K, used 45207K [0x00000005c6600000, 0x00000005db780000, 0x0000000717780000)
  object space 345600K, 13% used [0x00000005c6600000,0x00000005c9225ca0,0x00000005db780000)
 Metaspace       used 16942K, capacity 17116K, committed 17536K, reserved 1064960K
  class space    used 1769K, capacity 1853K, committed 1920K, reserved 1048576K
Event: 3.761 GC heap after
Heap after GC invocations=2 (full 0):
 PSYoungGen      total 280576K, used 14540K [0x0000000717780000, 0x0000000729e80000, 0x00000007c0000000)
  eden space 259072K, 0% used [0x0000000717780000,0x0000000717780000,0x0000000727480000)
  from space 21504K, 67% used [0x0000000728980000,0x00000007297b3020,0x0000000729e80000)
  to   space 21504K, 0% used [0x0000000727480000,0x0000000727480000,0x0000000728980000)
 ParOldGen       total 345600K, used 45215K [0x00000005c6600000, 0x00000005db780000, 0x0000000717780000)
  object space 345600K, 13% used [0x00000005c6600000,0x00000005c9227ca0,0x00000005db780000)
 Metaspace       used 16942K, capacity 17116K, committed 17536K, reserved 1064960K
  class space    used 1769K, capacity 1853K, committed 1920K, reserved 1048576K
}

